Determining if the round exist failed with the following output:
Change Dir: /home/darkeve/.config/awesome/awesome-master/build/CMakeFiles/CMakeTmp

Run Build Command(s):/usr/bin/make cmTC_98382/fast && make[1]: Entering directory '/home/darkeve/.config/awesome/awesome-master/build/CMakeFiles/CMakeTmp'
/usr/bin/make  -f CMakeFiles/cmTC_98382.dir/build.make CMakeFiles/cmTC_98382.dir/build
make[2]: Entering directory '/home/darkeve/.config/awesome/awesome-master/build/CMakeFiles/CMakeTmp'
Building C object CMakeFiles/cmTC_98382.dir/CheckSymbolExists.c.o
/usr/bin/cc    -o CMakeFiles/cmTC_98382.dir/CheckSymbolExists.c.o   -c /home/darkeve/.config/awesome/awesome-master/build/CMakeFiles/CMakeTmp/CheckSymbolExists.c
Linking C executable cmTC_98382
/usr/bin/cmake -E cmake_link_script CMakeFiles/cmTC_98382.dir/link.txt --verbose=1
/usr/bin/cc      -rdynamic CMakeFiles/cmTC_98382.dir/CheckSymbolExists.c.o  -o cmTC_98382 
/usr/bin/ld: CMakeFiles/cmTC_98382.dir/CheckSymbolExists.c.o: in function `main':
CheckSymbolExists.c:(.text+0x1b): undefined reference to `round'
collect2: error: ld returned 1 exit status
make[2]: *** [CMakeFiles/cmTC_98382.dir/build.make:107: cmTC_98382] Error 1
make[2]: Leaving directory '/home/darkeve/.config/awesome/awesome-master/build/CMakeFiles/CMakeTmp'
make[1]: *** [Makefile:141: cmTC_98382/fast] Error 2
make[1]: Leaving directory '/home/darkeve/.config/awesome/awesome-master/build/CMakeFiles/CMakeTmp'


File /home/darkeve/.config/awesome/awesome-master/build/CMakeFiles/CMakeTmp/CheckSymbolExists.c:
/* */
#include <math.h>

int main(int argc, char** argv)
{
  (void)argv;
#ifndef round
  return ((int*)(&round))[argc];
#else
  (void)argc;
  return 0;
#endif
}
